<?xml version="1.0" encoding="UTF-8"?>
<testng-results total="1" passed="1" failed="0" skipped="0">
  <reporter-output>
  </reporter-output>
  <suite started-at="2018-09-27T18:03:54Z" name="Suite" finished-at="2018-09-27T18:04:08Z" duration-ms="13475">
    <groups>
    </groups>
    <test started-at="2018-09-27T18:03:54Z" name="SkyScanner Booking" finished-at="2018-09-27T18:04:08Z" duration-ms="13475">
      <class name="tests.HomePage">
        <test-method is-config="true" signature="startDriver(java.lang.String)[pri:0, instance:tests.HomePage@6ad82709]" started-at="2018-09-27T20:03:33Z" name="startDriver" finished-at="2018-09-27T20:03:54Z" duration-ms="21074" status="PASS">
          <params>
            <param index="0">
              <value>
                <![CDATA[chrome]]>
              </value>
            </param>
          </params>
          <reporter-output>
          </reporter-output>
        </test-method> <!-- startDriver -->
        <test-method signature="UserCanSearchFlights()[pri:0, instance:tests.HomePage@6ad82709]" started-at="2018-09-27T20:03:54Z" name="UserCanSearchFlights" finished-at="2018-09-27T20:04:08Z" duration-ms="13434" status="PASS">
          <reporter-output>
          </reporter-output>
        </test-method> <!-- UserCanSearchFlights -->
        <test-method is-config="true" signature="stopDriver()[pri:0, instance:tests.HomePage@6ad82709]" started-at="2018-09-27T20:04:08Z" name="stopDriver" finished-at="2018-09-27T20:04:09Z" duration-ms="903" status="PASS">
          <reporter-output>
          </reporter-output>
        </test-method> <!-- stopDriver -->
      </class> <!-- tests.HomePage -->
    </test> <!-- SkyScanner Booking -->
  </suite> <!-- Suite -->
</testng-results>
